[09:18:05.858] Global cache location '/Users/jaycolbert/.cache/typescript/4.6', safe file path '/users/jaycolbert/.config/emacs/.local/etc/lsp/npm/typescript/lib/node_modules/typescript/lib/typingsafelist.json', types map path /users/jaycolbert/.config/emacs/.local/etc/lsp/npm/typescript/lib/node_modules/typescript/lib/typesmap.json
[09:18:05.860] Processing cache location '/Users/jaycolbert/.cache/typescript/4.6'
[09:18:05.860] Trying to find '/Users/jaycolbert/.cache/typescript/4.6/package.json'...
[09:18:05.861] Finished processing cache location '/Users/jaycolbert/.cache/typescript/4.6'
[09:18:05.862] Process id: 13626
[09:18:05.862] NPM location: /Users/jaycolbert/.asdf/installs/nodejs/17.8.0/bin/npm (explicit '--npmLocation' not  provided)
[09:18:05.862] validateDefaultNpmLocation: false
[09:18:05.862] Npm config file: /Users/jaycolbert/.cache/typescript/4.6/package.json
[09:18:05.862] Npm config file: '/Users/jaycolbert/.cache/typescript/4.6/package.json' is missing, creating new one...
[09:18:05.863] Updating types-registry npm package...
[09:18:05.863] Exec: /Users/jaycolbert/.asdf/installs/nodejs/17.8.0/bin/npm install --ignore-scripts types-registry@latest
[09:18:07.080]     Succeeded. stdout:
    
    added 1 package, and audited 2 packages in 893ms

found 0 vulnerabilities

[09:18:07.081] Updated types-registry npm package
[09:18:07.103] Got install request {"projectName":"/dev/null/inferredProject1*","fileNames":["/Users/jaycolbert/.config/emacs/.local/etc/lsp/npm/typescript/lib/node_modules/typescript/lib/lib.es5.d.ts","/Users/jaycolbert/.config/emacs/.local/etc/lsp/npm/typescript/lib/node_modules/typescript/lib/lib.es2015.d.ts","/Users/jaycolbert/.config/emacs/.local/etc/lsp/npm/typescript/lib/node_modules/typescript/lib/lib.es2016.d.ts","/Users/jaycolbert/.config/emacs/.local/etc/lsp/npm/typescript/lib/node_modules/typescript/lib/lib.dom.d.ts","/Users/jaycolbert/.config/emacs/.local/etc/lsp/npm/typescript/lib/node_modules/typescript/lib/lib.dom.iterable.d.ts","/Users/jaycolbert/.config/emacs/.local/etc/lsp/npm/typescript/lib/node_modules/typescript/lib/lib.webworker.importscripts.d.ts","/Users/jaycolbert/.config/emacs/.local/etc/lsp/npm/typescript/lib/node_modules/typescript/lib/lib.scripthost.d.ts","/Users/jaycolbert/.config/emacs/.local/etc/lsp/npm/typescript/lib/node_modules/typescript/lib/lib.es2015.core.d.ts","/Users/jaycolbert/.config/emacs/.local/etc/lsp/npm/typescript/lib/node_modules/typescript/lib/lib.es2015.collection.d.ts","/Users/jaycolbert/.config/emacs/.local/etc/lsp/npm/typescript/lib/node_modules/typescript/lib/lib.es2015.generator.d.ts","/Users/jaycolbert/.config/emacs/.local/etc/lsp/npm/typescript/lib/node_modules/typescript/lib/lib.es2015.iterable.d.ts","/Users/jaycolbert/.config/emacs/.local/etc/lsp/npm/typescript/lib/node_modules/typescript/lib/lib.es2015.promise.d.ts","/Users/jaycolbert/.config/emacs/.local/etc/lsp/npm/typescript/lib/node_modules/typescript/lib/lib.es2015.proxy.d.ts","/Users/jaycolbert/.config/emacs/.local/etc/lsp/npm/typescript/lib/node_modules/typescript/lib/lib.es2015.reflect.d.ts","/Users/jaycolbert/.config/emacs/.local/etc/lsp/npm/typescript/lib/node_modules/typescript/lib/lib.es2015.symbol.d.ts","/Users/jaycolbert/.config/emacs/.local/etc/lsp/npm/typescript/lib/node_modules/typescript/lib/lib.es2015.symbol.wellknown.d.ts","/Users/jaycolbert/.config/emacs/.local/etc/lsp/npm/typescript/lib/node_modules/typescript/lib/lib.es2016.array.include.d.ts","/Users/jaycolbert/.config/emacs/.local/etc/lsp/npm/typescript/lib/node_modules/typescript/lib/lib.es2016.full.d.ts","/Users/jaycolbert/primo-explore-views/custom/01USNH_UNH-MAIN/js/components/helpMenu/helpMenuContent.js","/Users/jaycolbert/primo-explore-views/custom/01USNH_UNH-MAIN/js/components/helpMenu/helpMenuTemplates.js","/Users/jaycolbert/primo-explore-views/custom/01USNH_UNH-MAIN/js/components/helpMenu/helpMenu.module.js","/Users/jaycolbert/primo-explore-views/custom/01USNH_UNH-MAIN/js/components/externalSearch/externalSearch.config.js","/Users/jaycolbert/primo-explore-views/custom/01USNH_UNH-MAIN/js/components/helpMenu/items.constant.js","/Users/jaycolbert/primo-explore-views/custom/01USNH_UNH-MAIN/js/components/helpMenu/updates.constant.js","/Users/jaycolbert/primo-explore-views/custom/01USNH_UNH-MAIN/js/components/helpMenu/helpMenu.config.js","/Users/jaycolbert/primo-explore-views/custom/01USNH_UNH-MAIN/js/components/searchBarSubMenu/searchBarSubMenu.config.js","/Users/jaycolbert/primo-explore-views/custom/01USNH_UNH-MAIN/js/components/searchBarSubMenu/searchBarSubMenu.component.js","/Users/jaycolbert/primo-explore-views/custom/01USNH_UNH-MAIN/js/directives/prmSearchBarAfter.directive.js","/Users/jaycolbert/primo-explore-views/custom/01USNH_UNH-MAIN/js/main.js"],"compilerOptions":{"module":1,"target":3,"jsx":1,"allowJs":true,"allowSyntheticDefaultImports":true,"allowNonTsExtensions":true,"noEmitForJsFiles":true,"maxNodeModuleJsDepth":2},"typeAcquisition":{"enable":true,"include":[],"exclude":[]},"unresolvedImports":["@orbis-cascade/primo-explore-external-search","primo-explore-search-bar-sub-menu"],"projectRootPath":"/Users/jaycolbert/primo-explore-views/custom/01USNH_UNH-MAIN/js","kind":"discover"}
[09:18:07.117] Loaded safelist from types map file '/users/jaycolbert/.config/emacs/.local/etc/lsp/npm/typescript/lib/node_modules/typescript/lib/typesmap.json'
[09:18:07.118] Explicitly included types: []
[09:18:07.119] Inferred typings from unresolved imports: ["@orbis-cascade/primo-explore-external-search","primo-explore-search-bar-sub-menu"]
[09:18:07.119] Result: {"cachedTypingPaths":[],"newTypingNames":["@orbis-cascade/primo-explore-external-search","primo-explore-search-bar-sub-menu"],"filesToWatch":["/Users/jaycolbert/primo-explore-views/custom/01USNH_UNH-MAIN/js/components/helpMenu/bower_components","/Users/jaycolbert/primo-explore-views/custom/01USNH_UNH-MAIN/js/components/helpMenu/node_modules","/Users/jaycolbert/primo-explore-views/custom/01USNH_UNH-MAIN/js/components/externalSearch/bower_components","/Users/jaycolbert/primo-explore-views/custom/01USNH_UNH-MAIN/js/components/externalSearch/node_modules","/Users/jaycolbert/primo-explore-views/custom/01USNH_UNH-MAIN/js/components/searchBarSubMenu/bower_components","/Users/jaycolbert/primo-explore-views/custom/01USNH_UNH-MAIN/js/components/searchBarSubMenu/node_modules","/Users/jaycolbert/primo-explore-views/custom/01USNH_UNH-MAIN/js/directives/bower_components","/Users/jaycolbert/primo-explore-views/custom/01USNH_UNH-MAIN/js/directives/node_modules","/Users/jaycolbert/primo-explore-views/custom/01USNH_UNH-MAIN/js/bower_components","/Users/jaycolbert/primo-explore-views/custom/01USNH_UNH-MAIN/js/node_modules"]}
[09:18:07.119] Finished typings discovery: {"cachedTypingPaths":[],"newTypingNames":["@orbis-cascade/primo-explore-external-search","primo-explore-search-bar-sub-menu"],"filesToWatch":["/Users/jaycolbert/primo-explore-views/custom/01USNH_UNH-MAIN/js/components/helpMenu/bower_components","/Users/jaycolbert/primo-explore-views/custom/01USNH_UNH-MAIN/js/components/helpMenu/node_modules","/Users/jaycolbert/primo-explore-views/custom/01USNH_UNH-MAIN/js/components/externalSearch/bower_components","/Users/jaycolbert/primo-explore-views/custom/01USNH_UNH-MAIN/js/components/externalSearch/node_modules","/Users/jaycolbert/primo-explore-views/custom/01USNH_UNH-MAIN/js/components/searchBarSubMenu/bower_components","/Users/jaycolbert/primo-explore-views/custom/01USNH_UNH-MAIN/js/components/searchBarSubMenu/node_modules","/Users/jaycolbert/primo-explore-views/custom/01USNH_UNH-MAIN/js/directives/bower_components","/Users/jaycolbert/primo-explore-views/custom/01USNH_UNH-MAIN/js/directives/node_modules","/Users/jaycolbert/primo-explore-views/custom/01USNH_UNH-MAIN/js/bower_components","/Users/jaycolbert/primo-explore-views/custom/01USNH_UNH-MAIN/js/node_modules"]}
[09:18:07.120] DirectoryWatcher:: Added:: WatchInfo: /Users/jaycolbert/primo-explore-views/custom/01USNH_UNH-MAIN/js/components
[09:18:07.120] DirectoryWatcher:: Added:: WatchInfo: /Users/jaycolbert/primo-explore-views/custom/01USNH_UNH-MAIN/js/components 1 undefined Project: /dev/null/inferredProject1* watcher already invoked: false
[09:18:07.124] Elapsed:: 3.760941999964416ms DirectoryWatcher:: Added:: WatchInfo: /Users/jaycolbert/primo-explore-views/custom/01USNH_UNH-MAIN/js/components 1 undefined Project: /dev/null/inferredProject1* watcher already invoked: false
[09:18:07.125] DirectoryWatcher:: Added:: WatchInfo: /Users/jaycolbert/primo-explore-views/custom/01USNH_UNH-MAIN/js/directives
[09:18:07.125] DirectoryWatcher:: Added:: WatchInfo: /Users/jaycolbert/primo-explore-views/custom/01USNH_UNH-MAIN/js/directives 1 undefined Project: /dev/null/inferredProject1* watcher already invoked: false
[09:18:07.125] Elapsed:: 0.15373799996450543ms DirectoryWatcher:: Added:: WatchInfo: /Users/jaycolbert/primo-explore-views/custom/01USNH_UNH-MAIN/js/directives 1 undefined Project: /dev/null/inferredProject1* watcher already invoked: false
[09:18:07.125] DirectoryWatcher:: Added:: WatchInfo: /Users/jaycolbert/primo-explore-views/custom/01USNH_UNH-MAIN/js/bower_components
[09:18:07.125] DirectoryWatcher:: Added:: WatchInfo: /Users/jaycolbert/primo-explore-views/custom/01USNH_UNH-MAIN/js/bower_components 1 undefined Project: /dev/null/inferredProject1* watcher already invoked: false
[09:18:07.126] Elapsed:: 0.5263960002921522ms DirectoryWatcher:: Added:: WatchInfo: /Users/jaycolbert/primo-explore-views/custom/01USNH_UNH-MAIN/js/bower_components 1 undefined Project: /dev/null/inferredProject1* watcher already invoked: false
[09:18:07.126] DirectoryWatcher:: Added:: WatchInfo: /Users/jaycolbert/primo-explore-views/custom/01USNH_UNH-MAIN/js/node_modules
[09:18:07.126] DirectoryWatcher:: Added:: WatchInfo: /Users/jaycolbert/primo-explore-views/custom/01USNH_UNH-MAIN/js/node_modules 1 undefined Project: /dev/null/inferredProject1* watcher already invoked: false
[09:18:07.126] Elapsed:: 0.08400700008496642ms DirectoryWatcher:: Added:: WatchInfo: /Users/jaycolbert/primo-explore-views/custom/01USNH_UNH-MAIN/js/node_modules 1 undefined Project: /dev/null/inferredProject1* watcher already invoked: false
[09:18:07.127] Installing typings ["@orbis-cascade/primo-explore-external-search","primo-explore-search-bar-sub-menu"]
[09:18:07.127] '@orbis-cascade/primo-explore-external-search':: Entry for package 'orbis-cascade__primo-explore-external-search' does not exist in local types registry - skipping...
[09:18:07.127] 'primo-explore-search-bar-sub-menu':: Entry for package 'primo-explore-search-bar-sub-menu' does not exist in local types registry - skipping...
[09:18:07.127] All typings are known to be missing or invalid - no need to install more typings
[09:18:07.127] Sending response:
    {"projectName":"/dev/null/inferredProject1*","typeAcquisition":{"enable":true,"include":[],"exclude":[]},"compilerOptions":{"module":1,"target":3,"jsx":1,"allowJs":true,"allowSyntheticDefaultImports":true,"allowNonTsExtensions":true,"noEmitForJsFiles":true,"maxNodeModuleJsDepth":2},"typings":[],"unresolvedImports":["@orbis-cascade/primo-explore-external-search","primo-explore-search-bar-sub-menu"],"kind":"action::set"}
[09:18:07.128] Response has been sent.
[09:51:18.584] DirectoryWatcher:: Triggered with /Users/jaycolbert/primo-explore-views/custom/01USNH_UNH-MAIN/js/components/helpMenu/helpMenu.config.js :: WatchInfo: /Users/jaycolbert/primo-explore-views/custom/01USNH_UNH-MAIN/js/components 1 undefined Project: /dev/null/inferredProject1* watcher already invoked: false
[09:51:18.590] Elapsed:: 0.8916930006816983ms DirectoryWatcher:: Triggered with /Users/jaycolbert/primo-explore-views/custom/01USNH_UNH-MAIN/js/components/helpMenu/helpMenu.config.js :: WatchInfo: /Users/jaycolbert/primo-explore-views/custom/01USNH_UNH-MAIN/js/components 1 undefined Project: /dev/null/inferredProject1* watcher already invoked: false
[09:51:18.590] DirectoryWatcher:: Triggered with /Users/jaycolbert/primo-explore-views/custom/01USNH_UNH-MAIN/js/components/helpMenu/items.constant.js :: WatchInfo: /Users/jaycolbert/primo-explore-views/custom/01USNH_UNH-MAIN/js/components 1 undefined Project: /dev/null/inferredProject1* watcher already invoked: false
[09:51:18.591] Elapsed:: 0.009667000733315945ms DirectoryWatcher:: Triggered with /Users/jaycolbert/primo-explore-views/custom/01USNH_UNH-MAIN/js/components/helpMenu/items.constant.js :: WatchInfo: /Users/jaycolbert/primo-explore-views/custom/01USNH_UNH-MAIN/js/components 1 undefined Project: /dev/null/inferredProject1* watcher already invoked: false
[09:51:18.591] DirectoryWatcher:: Triggered with /Users/jaycolbert/primo-explore-views/custom/01USNH_UNH-MAIN/js/components/helpMenu/updates.constant.js :: WatchInfo: /Users/jaycolbert/primo-explore-views/custom/01USNH_UNH-MAIN/js/components 1 undefined Project: /dev/null/inferredProject1* watcher already invoked: false
[09:51:18.591] Elapsed:: 0.006895999424159527ms DirectoryWatcher:: Triggered with /Users/jaycolbert/primo-explore-views/custom/01USNH_UNH-MAIN/js/components/helpMenu/updates.constant.js :: WatchInfo: /Users/jaycolbert/primo-explore-views/custom/01USNH_UNH-MAIN/js/components 1 undefined Project: /dev/null/inferredProject1* watcher already invoked: false
[09:51:18.591] DirectoryWatcher:: Triggered with /Users/jaycolbert/primo-explore-views/custom/01USNH_UNH-MAIN/js/components/helpMenu/helpMenu.config.js :: WatchInfo: /Users/jaycolbert/primo-explore-views/custom/01USNH_UNH-MAIN/js/components 1 undefined Project: /dev/null/inferredProject1* watcher already invoked: false
[09:51:18.591] Elapsed:: 0.006756000220775604ms DirectoryWatcher:: Triggered with /Users/jaycolbert/primo-explore-views/custom/01USNH_UNH-MAIN/js/components/helpMenu/helpMenu.config.js :: WatchInfo: /Users/jaycolbert/primo-explore-views/custom/01USNH_UNH-MAIN/js/components 1 undefined Project: /dev/null/inferredProject1* watcher already invoked: false
[09:51:18.591] DirectoryWatcher:: Triggered with /Users/jaycolbert/primo-explore-views/custom/01USNH_UNH-MAIN/js/components/helpMenu/helpMenu.config.js :: WatchInfo: /Users/jaycolbert/primo-explore-views/custom/01USNH_UNH-MAIN/js/components 1 undefined Project: /dev/null/inferredProject1* watcher already invoked: false
[09:51:18.591] Elapsed:: 0.006512999534606934ms DirectoryWatcher:: Triggered with /Users/jaycolbert/primo-explore-views/custom/01USNH_UNH-MAIN/js/components/helpMenu/helpMenu.config.js :: WatchInfo: /Users/jaycolbert/primo-explore-views/custom/01USNH_UNH-MAIN/js/components 1 undefined Project: /dev/null/inferredProject1* watcher already invoked: false
[09:51:18.591] DirectoryWatcher:: Triggered with /Users/jaycolbert/primo-explore-views/custom/01USNH_UNH-MAIN/js/components/helpMenu/items.constant.js :: WatchInfo: /Users/jaycolbert/primo-explore-views/custom/01USNH_UNH-MAIN/js/components 1 undefined Project: /dev/null/inferredProject1* watcher already invoked: false
[09:51:18.592] Elapsed:: 0.01083499938249588ms DirectoryWatcher:: Triggered with /Users/jaycolbert/primo-explore-views/custom/01USNH_UNH-MAIN/js/components/helpMenu/items.constant.js :: WatchInfo: /Users/jaycolbert/primo-explore-views/custom/01USNH_UNH-MAIN/js/components 1 undefined Project: /dev/null/inferredProject1* watcher already invoked: false
[09:51:18.592] DirectoryWatcher:: Triggered with /Users/jaycolbert/primo-explore-views/custom/01USNH_UNH-MAIN/js/components/helpMenu/items.constant.js :: WatchInfo: /Users/jaycolbert/primo-explore-views/custom/01USNH_UNH-MAIN/js/components 1 undefined Project: /dev/null/inferredProject1* watcher already invoked: false
[09:51:18.592] Elapsed:: 0.008481000550091267ms DirectoryWatcher:: Triggered with /Users/jaycolbert/primo-explore-views/custom/01USNH_UNH-MAIN/js/components/helpMenu/items.constant.js :: WatchInfo: /Users/jaycolbert/primo-explore-views/custom/01USNH_UNH-MAIN/js/components 1 undefined Project: /dev/null/inferredProject1* watcher already invoked: false
[09:51:18.592] DirectoryWatcher:: Triggered with /Users/jaycolbert/primo-explore-views/custom/01USNH_UNH-MAIN/js/components/helpMenu/updates.constant.js :: WatchInfo: /Users/jaycolbert/primo-explore-views/custom/01USNH_UNH-MAIN/js/components 1 undefined Project: /dev/null/inferredProject1* watcher already invoked: false
[09:51:18.593] Elapsed:: 0.0081599997356534ms DirectoryWatcher:: Triggered with /Users/jaycolbert/primo-explore-views/custom/01USNH_UNH-MAIN/js/components/helpMenu/updates.constant.js :: WatchInfo: /Users/jaycolbert/primo-explore-views/custom/01USNH_UNH-MAIN/js/components 1 undefined Project: /dev/null/inferredProject1* watcher already invoked: false
[09:51:18.593] DirectoryWatcher:: Triggered with /Users/jaycolbert/primo-explore-views/custom/01USNH_UNH-MAIN/js/components/helpMenu/updates.constant.js :: WatchInfo: /Users/jaycolbert/primo-explore-views/custom/01USNH_UNH-MAIN/js/components 1 undefined Project: /dev/null/inferredProject1* watcher already invoked: false
[09:51:18.593] Elapsed:: 0.14123799931257963ms DirectoryWatcher:: Triggered with /Users/jaycolbert/primo-explore-views/custom/01USNH_UNH-MAIN/js/components/helpMenu/updates.constant.js :: WatchInfo: /Users/jaycolbert/primo-explore-views/custom/01USNH_UNH-MAIN/js/components 1 undefined Project: /dev/null/inferredProject1* watcher already invoked: false
