[09:59:33.756] Global cache location '/Users/jaycolbert/.cache/typescript/4.6', safe file path '/users/jaycolbert/.config/emacs/.local/etc/lsp/npm/typescript/lib/node_modules/typescript/lib/typingsafelist.json', types map path /users/jaycolbert/.config/emacs/.local/etc/lsp/npm/typescript/lib/node_modules/typescript/lib/typesmap.json
[09:59:33.758] Processing cache location '/Users/jaycolbert/.cache/typescript/4.6'
[09:59:33.758] Trying to find '/Users/jaycolbert/.cache/typescript/4.6/package.json'...
[09:59:33.761] Loaded content of '/Users/jaycolbert/.cache/typescript/4.6/package.json': {"private":true,"dependencies":{"types-registry":"^0.1.591"},"devDependencies":{"@types/babel__core":"^7.1.19","@types/babel__preset-env":"^7.9.2","@types/eslint":"^8.4.2","@types/eslint-config-prettier":"^6.11.0","@types/node":"^17.0.31","@types/prettier":"^2.6.0"}}
[09:59:33.761] Loaded content of '/Users/jaycolbert/.cache/typescript/4.6/package-lock.json'
[09:59:33.771] Adding entry into typings cache: 'babel__core' => '/Users/jaycolbert/.cache/typescript/4.6/node_modules/@types/babel__core/index.d.ts'
[09:59:33.773] Adding entry into typings cache: 'babel__preset-env' => '/Users/jaycolbert/.cache/typescript/4.6/node_modules/@types/babel__preset-env/index.d.ts'
[09:59:33.775] Adding entry into typings cache: 'eslint' => '/Users/jaycolbert/.cache/typescript/4.6/node_modules/@types/eslint/index.d.ts'
[09:59:33.777] Adding entry into typings cache: 'eslint-config-prettier' => '/Users/jaycolbert/.cache/typescript/4.6/node_modules/@types/eslint-config-prettier/index.d.ts'
[09:59:33.781] Adding entry into typings cache: 'node' => '/Users/jaycolbert/.cache/typescript/4.6/node_modules/@types/node/index.d.ts'
[09:59:33.783] Adding entry into typings cache: 'prettier' => '/Users/jaycolbert/.cache/typescript/4.6/node_modules/@types/prettier/index.d.ts'
[09:59:33.783] Finished processing cache location '/Users/jaycolbert/.cache/typescript/4.6'
[09:59:33.783] Process id: 14372
[09:59:33.783] NPM location: /Users/jaycolbert/.asdf/installs/nodejs/17.8.0/bin/npm (explicit '--npmLocation' not  provided)
[09:59:33.783] validateDefaultNpmLocation: false
[09:59:33.784] Npm config file: /Users/jaycolbert/.cache/typescript/4.6/package.json
[09:59:33.784] Updating types-registry npm package...
[09:59:33.789] Exec: /Users/jaycolbert/.asdf/installs/nodejs/17.8.0/bin/npm install --ignore-scripts types-registry@latest
[09:59:34.849]     Succeeded. stdout:
    
    changed 1 package, and audited 17 packages in 715ms

found 0 vulnerabilities

[09:59:34.850] Updated types-registry npm package
[09:59:34.873] Got install request {"projectName":"/dev/null/inferredProject1*","fileNames":["/Users/jaycolbert/.config/emacs/.local/etc/lsp/npm/typescript/lib/node_modules/typescript/lib/lib.es5.d.ts","/Users/jaycolbert/.config/emacs/.local/etc/lsp/npm/typescript/lib/node_modules/typescript/lib/lib.es2015.d.ts","/Users/jaycolbert/.config/emacs/.local/etc/lsp/npm/typescript/lib/node_modules/typescript/lib/lib.es2016.d.ts","/Users/jaycolbert/.config/emacs/.local/etc/lsp/npm/typescript/lib/node_modules/typescript/lib/lib.dom.d.ts","/Users/jaycolbert/.config/emacs/.local/etc/lsp/npm/typescript/lib/node_modules/typescript/lib/lib.dom.iterable.d.ts","/Users/jaycolbert/.config/emacs/.local/etc/lsp/npm/typescript/lib/node_modules/typescript/lib/lib.webworker.importscripts.d.ts","/Users/jaycolbert/.config/emacs/.local/etc/lsp/npm/typescript/lib/node_modules/typescript/lib/lib.scripthost.d.ts","/Users/jaycolbert/.config/emacs/.local/etc/lsp/npm/typescript/lib/node_modules/typescript/lib/lib.es2015.core.d.ts","/Users/jaycolbert/.config/emacs/.local/etc/lsp/npm/typescript/lib/node_modules/typescript/lib/lib.es2015.collection.d.ts","/Users/jaycolbert/.config/emacs/.local/etc/lsp/npm/typescript/lib/node_modules/typescript/lib/lib.es2015.generator.d.ts","/Users/jaycolbert/.config/emacs/.local/etc/lsp/npm/typescript/lib/node_modules/typescript/lib/lib.es2015.iterable.d.ts","/Users/jaycolbert/.config/emacs/.local/etc/lsp/npm/typescript/lib/node_modules/typescript/lib/lib.es2015.promise.d.ts","/Users/jaycolbert/.config/emacs/.local/etc/lsp/npm/typescript/lib/node_modules/typescript/lib/lib.es2015.proxy.d.ts","/Users/jaycolbert/.config/emacs/.local/etc/lsp/npm/typescript/lib/node_modules/typescript/lib/lib.es2015.reflect.d.ts","/Users/jaycolbert/.config/emacs/.local/etc/lsp/npm/typescript/lib/node_modules/typescript/lib/lib.es2015.symbol.d.ts","/Users/jaycolbert/.config/emacs/.local/etc/lsp/npm/typescript/lib/node_modules/typescript/lib/lib.es2015.symbol.wellknown.d.ts","/Users/jaycolbert/.config/emacs/.local/etc/lsp/npm/typescript/lib/node_modules/typescript/lib/lib.es2016.array.include.d.ts","/Users/jaycolbert/.config/emacs/.local/etc/lsp/npm/typescript/lib/node_modules/typescript/lib/lib.es2016.full.d.ts","/Users/jaycolbert/Documents/02 Areas/Discovery/primo-explore-views/custom/01USNH_UNH-MAIN/js/components/helpMenu/helpMenuContent.js","/Users/jaycolbert/Documents/02 Areas/Discovery/primo-explore-views/custom/01USNH_UNH-MAIN/js/components/helpMenu/helpMenuTemplates.js","/Users/jaycolbert/Documents/02 Areas/Discovery/primo-explore-views/custom/01USNH_UNH-MAIN/js/components/helpMenu/helpMenu.module.js","/Users/jaycolbert/Documents/02 Areas/Discovery/primo-explore-views/custom/01USNH_UNH-MAIN/js/components/externalSearch/externalSearch.config.js","/Users/jaycolbert/Documents/02 Areas/Discovery/primo-explore-views/custom/01USNH_UNH-MAIN/js/components/helpMenu/items.constant.js","/Users/jaycolbert/Documents/02 Areas/Discovery/primo-explore-views/custom/01USNH_UNH-MAIN/js/components/helpMenu/updates.constant.js","/Users/jaycolbert/Documents/02 Areas/Discovery/primo-explore-views/custom/01USNH_UNH-MAIN/js/components/helpMenu/helpMenu.config.js","/Users/jaycolbert/Documents/02 Areas/Discovery/primo-explore-views/custom/01USNH_UNH-MAIN/js/components/searchBarSubMenu/searchBarSubMenu.config.js","/Users/jaycolbert/Documents/02 Areas/Discovery/primo-explore-views/custom/01USNH_UNH-MAIN/js/components/searchBarSubMenu/searchBarSubMenu.component.js","/Users/jaycolbert/Documents/02 Areas/Discovery/primo-explore-views/custom/01USNH_UNH-MAIN/js/directives/prmSearchBarAfter.directive.js","/Users/jaycolbert/Documents/02 Areas/Discovery/primo-explore-views/custom/01USNH_UNH-MAIN/js/main.js"],"compilerOptions":{"module":1,"target":3,"jsx":1,"allowJs":true,"allowSyntheticDefaultImports":true,"allowNonTsExtensions":true,"noEmitForJsFiles":true,"maxNodeModuleJsDepth":2},"typeAcquisition":{"enable":true,"include":[],"exclude":[]},"unresolvedImports":["@orbis-cascade/primo-explore-external-search","primo-explore-custom-no-search-results","primo-explore-search-bar-sub-menu"],"projectRootPath":"/Users/jaycolbert/Documents/02 Areas/Discovery/primo-explore-views/custom/01USNH_UNH-MAIN/js","kind":"discover"}
[09:59:34.880] Loaded safelist from types map file '/users/jaycolbert/.config/emacs/.local/etc/lsp/npm/typescript/lib/node_modules/typescript/lib/typesmap.json'
[09:59:34.881] Explicitly included types: []
[09:59:34.882] Inferred typings from unresolved imports: ["@orbis-cascade/primo-explore-external-search","primo-explore-custom-no-search-results","primo-explore-search-bar-sub-menu"]
[09:59:34.882] Result: {"cachedTypingPaths":[],"newTypingNames":["@orbis-cascade/primo-explore-external-search","primo-explore-custom-no-search-results","primo-explore-search-bar-sub-menu"],"filesToWatch":["/Users/jaycolbert/Documents/02 Areas/Discovery/primo-explore-views/custom/01USNH_UNH-MAIN/js/components/helpMenu/bower_components","/Users/jaycolbert/Documents/02 Areas/Discovery/primo-explore-views/custom/01USNH_UNH-MAIN/js/components/helpMenu/node_modules","/Users/jaycolbert/Documents/02 Areas/Discovery/primo-explore-views/custom/01USNH_UNH-MAIN/js/components/externalSearch/bower_components","/Users/jaycolbert/Documents/02 Areas/Discovery/primo-explore-views/custom/01USNH_UNH-MAIN/js/components/externalSearch/node_modules","/Users/jaycolbert/Documents/02 Areas/Discovery/primo-explore-views/custom/01USNH_UNH-MAIN/js/components/searchBarSubMenu/bower_components","/Users/jaycolbert/Documents/02 Areas/Discovery/primo-explore-views/custom/01USNH_UNH-MAIN/js/components/searchBarSubMenu/node_modules","/Users/jaycolbert/Documents/02 Areas/Discovery/primo-explore-views/custom/01USNH_UNH-MAIN/js/directives/bower_components","/Users/jaycolbert/Documents/02 Areas/Discovery/primo-explore-views/custom/01USNH_UNH-MAIN/js/directives/node_modules","/Users/jaycolbert/Documents/02 Areas/Discovery/primo-explore-views/custom/01USNH_UNH-MAIN/js/bower_components","/Users/jaycolbert/Documents/02 Areas/Discovery/primo-explore-views/custom/01USNH_UNH-MAIN/js/node_modules"]}
[09:59:34.882] Finished typings discovery: {"cachedTypingPaths":[],"newTypingNames":["@orbis-cascade/primo-explore-external-search","primo-explore-custom-no-search-results","primo-explore-search-bar-sub-menu"],"filesToWatch":["/Users/jaycolbert/Documents/02 Areas/Discovery/primo-explore-views/custom/01USNH_UNH-MAIN/js/components/helpMenu/bower_components","/Users/jaycolbert/Documents/02 Areas/Discovery/primo-explore-views/custom/01USNH_UNH-MAIN/js/components/helpMenu/node_modules","/Users/jaycolbert/Documents/02 Areas/Discovery/primo-explore-views/custom/01USNH_UNH-MAIN/js/components/externalSearch/bower_components","/Users/jaycolbert/Documents/02 Areas/Discovery/primo-explore-views/custom/01USNH_UNH-MAIN/js/components/externalSearch/node_modules","/Users/jaycolbert/Documents/02 Areas/Discovery/primo-explore-views/custom/01USNH_UNH-MAIN/js/components/searchBarSubMenu/bower_components","/Users/jaycolbert/Documents/02 Areas/Discovery/primo-explore-views/custom/01USNH_UNH-MAIN/js/components/searchBarSubMenu/node_modules","/Users/jaycolbert/Documents/02 Areas/Discovery/primo-explore-views/custom/01USNH_UNH-MAIN/js/directives/bower_components","/Users/jaycolbert/Documents/02 Areas/Discovery/primo-explore-views/custom/01USNH_UNH-MAIN/js/directives/node_modules","/Users/jaycolbert/Documents/02 Areas/Discovery/primo-explore-views/custom/01USNH_UNH-MAIN/js/bower_components","/Users/jaycolbert/Documents/02 Areas/Discovery/primo-explore-views/custom/01USNH_UNH-MAIN/js/node_modules"]}
[09:59:34.883] DirectoryWatcher:: Added:: WatchInfo: /Users/jaycolbert/Documents/02 Areas/Discovery/primo-explore-views/custom/01USNH_UNH-MAIN/js/components
[09:59:34.883] DirectoryWatcher:: Added:: WatchInfo: /Users/jaycolbert/Documents/02 Areas/Discovery/primo-explore-views/custom/01USNH_UNH-MAIN/js/components 1 undefined Project: /dev/null/inferredProject1* watcher already invoked: false
[09:59:34.886] Elapsed:: 2.259623999707401ms DirectoryWatcher:: Added:: WatchInfo: /Users/jaycolbert/Documents/02 Areas/Discovery/primo-explore-views/custom/01USNH_UNH-MAIN/js/components 1 undefined Project: /dev/null/inferredProject1* watcher already invoked: false
[09:59:34.886] DirectoryWatcher:: Added:: WatchInfo: /Users/jaycolbert/Documents/02 Areas/Discovery/primo-explore-views/custom/01USNH_UNH-MAIN/js/directives
[09:59:34.886] DirectoryWatcher:: Added:: WatchInfo: /Users/jaycolbert/Documents/02 Areas/Discovery/primo-explore-views/custom/01USNH_UNH-MAIN/js/directives 1 undefined Project: /dev/null/inferredProject1* watcher already invoked: false
[09:59:34.886] Elapsed:: 0.13918699976056814ms DirectoryWatcher:: Added:: WatchInfo: /Users/jaycolbert/Documents/02 Areas/Discovery/primo-explore-views/custom/01USNH_UNH-MAIN/js/directives 1 undefined Project: /dev/null/inferredProject1* watcher already invoked: false
[09:59:34.887] DirectoryWatcher:: Added:: WatchInfo: /Users/jaycolbert/Documents/02 Areas/Discovery/primo-explore-views/custom/01USNH_UNH-MAIN/js/bower_components
[09:59:34.887] DirectoryWatcher:: Added:: WatchInfo: /Users/jaycolbert/Documents/02 Areas/Discovery/primo-explore-views/custom/01USNH_UNH-MAIN/js/bower_components 1 undefined Project: /dev/null/inferredProject1* watcher already invoked: false
[09:59:34.887] Elapsed:: 0.5242159999907017ms DirectoryWatcher:: Added:: WatchInfo: /Users/jaycolbert/Documents/02 Areas/Discovery/primo-explore-views/custom/01USNH_UNH-MAIN/js/bower_components 1 undefined Project: /dev/null/inferredProject1* watcher already invoked: false
[09:59:34.887] DirectoryWatcher:: Added:: WatchInfo: /Users/jaycolbert/Documents/02 Areas/Discovery/primo-explore-views/custom/01USNH_UNH-MAIN/js/node_modules
[09:59:34.888] DirectoryWatcher:: Added:: WatchInfo: /Users/jaycolbert/Documents/02 Areas/Discovery/primo-explore-views/custom/01USNH_UNH-MAIN/js/node_modules 1 undefined Project: /dev/null/inferredProject1* watcher already invoked: false
[09:59:34.888] Elapsed:: 0.07249599974602461ms DirectoryWatcher:: Added:: WatchInfo: /Users/jaycolbert/Documents/02 Areas/Discovery/primo-explore-views/custom/01USNH_UNH-MAIN/js/node_modules 1 undefined Project: /dev/null/inferredProject1* watcher already invoked: false
[09:59:34.888] Installing typings ["@orbis-cascade/primo-explore-external-search","primo-explore-custom-no-search-results","primo-explore-search-bar-sub-menu"]
[09:59:34.888] '@orbis-cascade/primo-explore-external-search':: Entry for package 'orbis-cascade__primo-explore-external-search' does not exist in local types registry - skipping...
[09:59:34.888] 'primo-explore-custom-no-search-results':: Entry for package 'primo-explore-custom-no-search-results' does not exist in local types registry - skipping...
[09:59:34.888] 'primo-explore-search-bar-sub-menu':: Entry for package 'primo-explore-search-bar-sub-menu' does not exist in local types registry - skipping...
[09:59:34.889] All typings are known to be missing or invalid - no need to install more typings
[09:59:34.889] Sending response:
    {"projectName":"/dev/null/inferredProject1*","typeAcquisition":{"enable":true,"include":[],"exclude":[]},"compilerOptions":{"module":1,"target":3,"jsx":1,"allowJs":true,"allowSyntheticDefaultImports":true,"allowNonTsExtensions":true,"noEmitForJsFiles":true,"maxNodeModuleJsDepth":2},"typings":[],"unresolvedImports":["@orbis-cascade/primo-explore-external-search","primo-explore-custom-no-search-results","primo-explore-search-bar-sub-menu"],"kind":"action::set"}
[09:59:34.889] Response has been sent.
