[12:03:24.473] Global cache location '/Users/jaycolbert/.cache/typescript/4.6', safe file path '/users/jaycolbert/.config/emacs/.local/etc/lsp/npm/typescript/lib/node_modules/typescript/lib/typingsafelist.json', types map path /users/jaycolbert/.config/emacs/.local/etc/lsp/npm/typescript/lib/node_modules/typescript/lib/typesmap.json
[12:03:24.474] Processing cache location '/Users/jaycolbert/.cache/typescript/4.6'
[12:03:24.475] Trying to find '/Users/jaycolbert/.cache/typescript/4.6/package.json'...
[12:03:24.476] Loaded content of '/Users/jaycolbert/.cache/typescript/4.6/package.json': {"private":true,"dependencies":{"types-registry":"^0.1.592"},"devDependencies":{"@types/babel__core":"^7.1.19","@types/babel__preset-env":"^7.9.2","@types/eslint":"^8.4.2","@types/eslint-config-prettier":"^6.11.0","@types/node":"^17.0.31","@types/prettier":"^2.6.0"}}
[12:03:24.476] Loaded content of '/Users/jaycolbert/.cache/typescript/4.6/package-lock.json'
[12:03:24.487] Adding entry into typings cache: 'babel__core' => '/Users/jaycolbert/.cache/typescript/4.6/node_modules/@types/babel__core/index.d.ts'
[12:03:24.489] Adding entry into typings cache: 'babel__preset-env' => '/Users/jaycolbert/.cache/typescript/4.6/node_modules/@types/babel__preset-env/index.d.ts'
[12:03:24.492] Adding entry into typings cache: 'eslint' => '/Users/jaycolbert/.cache/typescript/4.6/node_modules/@types/eslint/index.d.ts'
[12:03:24.494] Adding entry into typings cache: 'eslint-config-prettier' => '/Users/jaycolbert/.cache/typescript/4.6/node_modules/@types/eslint-config-prettier/index.d.ts'
[12:03:24.498] Adding entry into typings cache: 'node' => '/Users/jaycolbert/.cache/typescript/4.6/node_modules/@types/node/index.d.ts'
[12:03:24.500] Adding entry into typings cache: 'prettier' => '/Users/jaycolbert/.cache/typescript/4.6/node_modules/@types/prettier/index.d.ts'
[12:03:24.500] Finished processing cache location '/Users/jaycolbert/.cache/typescript/4.6'
[12:03:24.500] Process id: 35696
[12:03:24.501] NPM location: /Users/jaycolbert/.asdf/installs/nodejs/17.8.0/bin/npm (explicit '--npmLocation' not  provided)
[12:03:24.501] validateDefaultNpmLocation: false
[12:03:24.501] Npm config file: /Users/jaycolbert/.cache/typescript/4.6/package.json
[12:03:24.501] Updating types-registry npm package...
[12:03:24.501] Exec: /Users/jaycolbert/.asdf/installs/nodejs/17.8.0/bin/npm install --ignore-scripts types-registry@latest
[12:03:25.496]     Succeeded. stdout:
    
    up to date, audited 17 packages in 705ms

found 0 vulnerabilities

[12:03:25.497] Updated types-registry npm package
[12:03:25.524] Got install request {"projectName":"/dev/null/inferredProject1*","fileNames":["/Users/jaycolbert/.config/emacs/.local/etc/lsp/npm/typescript/lib/node_modules/typescript/lib/lib.es5.d.ts","/Users/jaycolbert/.config/emacs/.local/etc/lsp/npm/typescript/lib/node_modules/typescript/lib/lib.es2015.d.ts","/Users/jaycolbert/.config/emacs/.local/etc/lsp/npm/typescript/lib/node_modules/typescript/lib/lib.es2016.d.ts","/Users/jaycolbert/.config/emacs/.local/etc/lsp/npm/typescript/lib/node_modules/typescript/lib/lib.dom.d.ts","/Users/jaycolbert/.config/emacs/.local/etc/lsp/npm/typescript/lib/node_modules/typescript/lib/lib.dom.iterable.d.ts","/Users/jaycolbert/.config/emacs/.local/etc/lsp/npm/typescript/lib/node_modules/typescript/lib/lib.webworker.importscripts.d.ts","/Users/jaycolbert/.config/emacs/.local/etc/lsp/npm/typescript/lib/node_modules/typescript/lib/lib.scripthost.d.ts","/Users/jaycolbert/.config/emacs/.local/etc/lsp/npm/typescript/lib/node_modules/typescript/lib/lib.es2015.core.d.ts","/Users/jaycolbert/.config/emacs/.local/etc/lsp/npm/typescript/lib/node_modules/typescript/lib/lib.es2015.collection.d.ts","/Users/jaycolbert/.config/emacs/.local/etc/lsp/npm/typescript/lib/node_modules/typescript/lib/lib.es2015.generator.d.ts","/Users/jaycolbert/.config/emacs/.local/etc/lsp/npm/typescript/lib/node_modules/typescript/lib/lib.es2015.iterable.d.ts","/Users/jaycolbert/.config/emacs/.local/etc/lsp/npm/typescript/lib/node_modules/typescript/lib/lib.es2015.promise.d.ts","/Users/jaycolbert/.config/emacs/.local/etc/lsp/npm/typescript/lib/node_modules/typescript/lib/lib.es2015.proxy.d.ts","/Users/jaycolbert/.config/emacs/.local/etc/lsp/npm/typescript/lib/node_modules/typescript/lib/lib.es2015.reflect.d.ts","/Users/jaycolbert/.config/emacs/.local/etc/lsp/npm/typescript/lib/node_modules/typescript/lib/lib.es2015.symbol.d.ts","/Users/jaycolbert/.config/emacs/.local/etc/lsp/npm/typescript/lib/node_modules/typescript/lib/lib.es2015.symbol.wellknown.d.ts","/Users/jaycolbert/.config/emacs/.local/etc/lsp/npm/typescript/lib/node_modules/typescript/lib/lib.es2016.array.include.d.ts","/Users/jaycolbert/.config/emacs/.local/etc/lsp/npm/typescript/lib/node_modules/typescript/lib/lib.es2016.full.d.ts","/Users/jaycolbert/Documents/02 Areas/Discovery/primo-explore-views/custom/01USNH_UNH-MAIN/js/components/helpMenu/helpMenuContent.js","/Users/jaycolbert/Documents/02 Areas/Discovery/primo-explore-views/custom/01USNH_UNH-MAIN/js/components/helpMenu/helpMenuTemplates.js","/Users/jaycolbert/Documents/02 Areas/Discovery/primo-explore-views/custom/01USNH_UNH-MAIN/js/components/helpMenu/helpMenu.module.js","/Users/jaycolbert/Documents/02 Areas/Discovery/primo-explore-views/custom/01USNH_UNH-MAIN/js/components/externalSearch/externalSearch.config.js","/Users/jaycolbert/Documents/02 Areas/Discovery/primo-explore-views/custom/01USNH_UNH-MAIN/js/components/helpMenu/items.constant.js","/Users/jaycolbert/Documents/02 Areas/Discovery/primo-explore-views/custom/01USNH_UNH-MAIN/js/components/helpMenu/updates.constant.js","/Users/jaycolbert/Documents/02 Areas/Discovery/primo-explore-views/custom/01USNH_UNH-MAIN/js/components/helpMenu/helpMenu.config.js","/Users/jaycolbert/Documents/02 Areas/Discovery/primo-explore-views/custom/01USNH_UNH-MAIN/js/components/searchBarSubMenu/searchBarSubMenu.config.js","/Users/jaycolbert/Documents/02 Areas/Discovery/primo-explore-views/custom/01USNH_UNH-MAIN/js/components/searchBarSubMenu/searchBarSubMenu.component.js","/Users/jaycolbert/Documents/02 Areas/Discovery/primo-explore-views/custom/01USNH_UNH-MAIN/js/directives/prmSearchBarAfter.directive.js","/Users/jaycolbert/Documents/02 Areas/Discovery/primo-explore-views/custom/01USNH_UNH-MAIN/js/main.js"],"compilerOptions":{"module":1,"target":3,"jsx":1,"allowJs":true,"allowSyntheticDefaultImports":true,"allowNonTsExtensions":true,"noEmitForJsFiles":true,"maxNodeModuleJsDepth":2},"typeAcquisition":{"enable":true,"include":[],"exclude":[]},"unresolvedImports":["@orbis-cascade/primo-explore-external-search","primo-explore-search-bar-sub-menu"],"projectRootPath":"/Users/jaycolbert/Documents/02 Areas/Discovery/primo-explore-views/custom/01USNH_UNH-MAIN/js","kind":"discover"}
[12:03:25.531] Loaded safelist from types map file '/users/jaycolbert/.config/emacs/.local/etc/lsp/npm/typescript/lib/node_modules/typescript/lib/typesmap.json'
[12:03:25.532] Explicitly included types: []
[12:03:25.533] Inferred typings from unresolved imports: ["@orbis-cascade/primo-explore-external-search","primo-explore-search-bar-sub-menu"]
[12:03:25.533] Result: {"cachedTypingPaths":[],"newTypingNames":["@orbis-cascade/primo-explore-external-search","primo-explore-search-bar-sub-menu"],"filesToWatch":["/Users/jaycolbert/Documents/02 Areas/Discovery/primo-explore-views/custom/01USNH_UNH-MAIN/js/components/helpMenu/bower_components","/Users/jaycolbert/Documents/02 Areas/Discovery/primo-explore-views/custom/01USNH_UNH-MAIN/js/components/helpMenu/node_modules","/Users/jaycolbert/Documents/02 Areas/Discovery/primo-explore-views/custom/01USNH_UNH-MAIN/js/components/externalSearch/bower_components","/Users/jaycolbert/Documents/02 Areas/Discovery/primo-explore-views/custom/01USNH_UNH-MAIN/js/components/externalSearch/node_modules","/Users/jaycolbert/Documents/02 Areas/Discovery/primo-explore-views/custom/01USNH_UNH-MAIN/js/components/searchBarSubMenu/bower_components","/Users/jaycolbert/Documents/02 Areas/Discovery/primo-explore-views/custom/01USNH_UNH-MAIN/js/components/searchBarSubMenu/node_modules","/Users/jaycolbert/Documents/02 Areas/Discovery/primo-explore-views/custom/01USNH_UNH-MAIN/js/directives/bower_components","/Users/jaycolbert/Documents/02 Areas/Discovery/primo-explore-views/custom/01USNH_UNH-MAIN/js/directives/node_modules","/Users/jaycolbert/Documents/02 Areas/Discovery/primo-explore-views/custom/01USNH_UNH-MAIN/js/bower_components","/Users/jaycolbert/Documents/02 Areas/Discovery/primo-explore-views/custom/01USNH_UNH-MAIN/js/node_modules"]}
[12:03:25.533] Finished typings discovery: {"cachedTypingPaths":[],"newTypingNames":["@orbis-cascade/primo-explore-external-search","primo-explore-search-bar-sub-menu"],"filesToWatch":["/Users/jaycolbert/Documents/02 Areas/Discovery/primo-explore-views/custom/01USNH_UNH-MAIN/js/components/helpMenu/bower_components","/Users/jaycolbert/Documents/02 Areas/Discovery/primo-explore-views/custom/01USNH_UNH-MAIN/js/components/helpMenu/node_modules","/Users/jaycolbert/Documents/02 Areas/Discovery/primo-explore-views/custom/01USNH_UNH-MAIN/js/components/externalSearch/bower_components","/Users/jaycolbert/Documents/02 Areas/Discovery/primo-explore-views/custom/01USNH_UNH-MAIN/js/components/externalSearch/node_modules","/Users/jaycolbert/Documents/02 Areas/Discovery/primo-explore-views/custom/01USNH_UNH-MAIN/js/components/searchBarSubMenu/bower_components","/Users/jaycolbert/Documents/02 Areas/Discovery/primo-explore-views/custom/01USNH_UNH-MAIN/js/components/searchBarSubMenu/node_modules","/Users/jaycolbert/Documents/02 Areas/Discovery/primo-explore-views/custom/01USNH_UNH-MAIN/js/directives/bower_components","/Users/jaycolbert/Documents/02 Areas/Discovery/primo-explore-views/custom/01USNH_UNH-MAIN/js/directives/node_modules","/Users/jaycolbert/Documents/02 Areas/Discovery/primo-explore-views/custom/01USNH_UNH-MAIN/js/bower_components","/Users/jaycolbert/Documents/02 Areas/Discovery/primo-explore-views/custom/01USNH_UNH-MAIN/js/node_modules"]}
[12:03:25.534] DirectoryWatcher:: Added:: WatchInfo: /Users/jaycolbert/Documents/02 Areas/Discovery/primo-explore-views/custom/01USNH_UNH-MAIN/js/components
[12:03:25.534] DirectoryWatcher:: Added:: WatchInfo: /Users/jaycolbert/Documents/02 Areas/Discovery/primo-explore-views/custom/01USNH_UNH-MAIN/js/components 1 undefined Project: /dev/null/inferredProject1* watcher already invoked: false
[12:03:25.537] Elapsed:: 2.381621999666095ms DirectoryWatcher:: Added:: WatchInfo: /Users/jaycolbert/Documents/02 Areas/Discovery/primo-explore-views/custom/01USNH_UNH-MAIN/js/components 1 undefined Project: /dev/null/inferredProject1* watcher already invoked: false
[12:03:25.537] DirectoryWatcher:: Added:: WatchInfo: /Users/jaycolbert/Documents/02 Areas/Discovery/primo-explore-views/custom/01USNH_UNH-MAIN/js/directives
[12:03:25.537] DirectoryWatcher:: Added:: WatchInfo: /Users/jaycolbert/Documents/02 Areas/Discovery/primo-explore-views/custom/01USNH_UNH-MAIN/js/directives 1 undefined Project: /dev/null/inferredProject1* watcher already invoked: false
[12:03:25.538] Elapsed:: 0.1562959998846054ms DirectoryWatcher:: Added:: WatchInfo: /Users/jaycolbert/Documents/02 Areas/Discovery/primo-explore-views/custom/01USNH_UNH-MAIN/js/directives 1 undefined Project: /dev/null/inferredProject1* watcher already invoked: false
[12:03:25.538] DirectoryWatcher:: Added:: WatchInfo: /Users/jaycolbert/Documents/02 Areas/Discovery/primo-explore-views/custom/01USNH_UNH-MAIN/js/bower_components
[12:03:25.538] DirectoryWatcher:: Added:: WatchInfo: /Users/jaycolbert/Documents/02 Areas/Discovery/primo-explore-views/custom/01USNH_UNH-MAIN/js/bower_components 1 undefined Project: /dev/null/inferredProject1* watcher already invoked: false
[12:03:25.538] Elapsed:: 0.587032999843359ms DirectoryWatcher:: Added:: WatchInfo: /Users/jaycolbert/Documents/02 Areas/Discovery/primo-explore-views/custom/01USNH_UNH-MAIN/js/bower_components 1 undefined Project: /dev/null/inferredProject1* watcher already invoked: false
[12:03:25.539] DirectoryWatcher:: Added:: WatchInfo: /Users/jaycolbert/Documents/02 Areas/Discovery/primo-explore-views/custom/01USNH_UNH-MAIN/js/node_modules
[12:03:25.539] DirectoryWatcher:: Added:: WatchInfo: /Users/jaycolbert/Documents/02 Areas/Discovery/primo-explore-views/custom/01USNH_UNH-MAIN/js/node_modules 1 undefined Project: /dev/null/inferredProject1* watcher already invoked: false
[12:03:25.539] Elapsed:: 0.08977399952709675ms DirectoryWatcher:: Added:: WatchInfo: /Users/jaycolbert/Documents/02 Areas/Discovery/primo-explore-views/custom/01USNH_UNH-MAIN/js/node_modules 1 undefined Project: /dev/null/inferredProject1* watcher already invoked: false
[12:03:25.539] Installing typings ["@orbis-cascade/primo-explore-external-search","primo-explore-search-bar-sub-menu"]
[12:03:25.540] '@orbis-cascade/primo-explore-external-search':: Entry for package 'orbis-cascade__primo-explore-external-search' does not exist in local types registry - skipping...
[12:03:25.540] 'primo-explore-search-bar-sub-menu':: Entry for package 'primo-explore-search-bar-sub-menu' does not exist in local types registry - skipping...
[12:03:25.540] All typings are known to be missing or invalid - no need to install more typings
[12:03:25.540] Sending response:
    {"projectName":"/dev/null/inferredProject1*","typeAcquisition":{"enable":true,"include":[],"exclude":[]},"compilerOptions":{"module":1,"target":3,"jsx":1,"allowJs":true,"allowSyntheticDefaultImports":true,"allowNonTsExtensions":true,"noEmitForJsFiles":true,"maxNodeModuleJsDepth":2},"typings":[],"unresolvedImports":["@orbis-cascade/primo-explore-external-search","primo-explore-search-bar-sub-menu"],"kind":"action::set"}
[12:03:25.541] Response has been sent.
